<?xml version="1.0" encoding="UTF-8"?>
<!-- Generated by org.testng.reporters.JUnitReportReporter -->
<testsuite hostname="L10-5CG91816Z4" failures="0" tests="1" name="homeWorkTest.SwitcchWindowTest" time="13.294" errors="0" timestamp="2022-11-28T22:24:11 EST" skipped="0">
  <testcase classname="homeWorkTest.SwitcchWindowTest" name="windowTest" time="13.294"/>
  <system-out/>
</testsuite> <!-- homeWorkTest.SwitcchWindowTest -->
