<?xml version="1.0" encoding="UTF-8"?>
<!-- Generated by org.testng.reporters.JUnitReportReporter -->
<testsuite hostname="L10-5CG91816Z4" failures="0" tests="1" name="homeWorkTest.AmazonTests" time="19.975" errors="0" timestamp="2022-11-28T21:18:25 EST" skipped="0">
  <testcase classname="homeWorkTest.AmazonTests" name="AmazonTestCase2" time="19.975"/>
  <system-out/>
</testsuite> <!-- homeWorkTest.AmazonTests -->
