<?xml version="1.0" encoding="UTF-8"?>
<!-- Generated by org.testng.reporters.JUnitReportReporter -->
<testsuite hostname="L10-5CG91816Z4" failures="0" tests="1" name="homeWorkTest.SwitcchWindowTest" time="12.901" errors="0" timestamp="2022-12-08T17:39:45 EST" skipped="0">
  <testcase classname="homeWorkTest.SwitcchWindowTest" name="windowTest" time="12.901"/>
  <system-out/>
</testsuite> <!-- homeWorkTest.SwitcchWindowTest -->
