<?xml version="1.0" encoding="UTF-8"?>
<!-- Generated by org.testng.reporters.JUnitReportReporter -->
<testsuite hostname="L10-5CG91816Z4" failures="0" tests="4" name="testngAnnotation.Annotatations" time="0.025" errors="0" timestamp="2022-11-29T11:23:35 EST" skipped="0">
  <testcase classname="testngAnnotation.Annotatations" name="test4" time="0.012"/>
  <system-out/>
  <testcase classname="testngAnnotation.Annotatations" name="test3" time="0.004"/>
  <system-out/>
  <testcase classname="testngAnnotation.Annotatations" name="test2" time="0.003"/>
  <system-out/>
  <testcase classname="testngAnnotation.Annotatations" name="test1" time="0.006"/>
  <system-out/>
</testsuite> <!-- testngAnnotation.Annotatations -->
